TN:
SF:src/genDiff.js
FN:5,genDiff
FNF:1
FNH:1
FNDA:2,genDiff
DA:1,1
DA:2,1
DA:3,1
DA:4,1
DA:5,2
DA:6,2
DA:7,2
DA:8,2
DA:9,2
DA:10,2
DA:11,2
DA:12,2
DA:13,2
DA:14,2
DA:15,2
DA:16,2
DA:17,2
DA:18,2
DA:19,10
DA:20,4
DA:21,2
DA:22,2
DA:23,2
DA:24,2
DA:25,2
DA:26,10
DA:27,4
DA:28,6
DA:29,2
DA:30,2
DA:31,10
DA:32,2
DA:33,2
DA:34,2
DA:35,2
DA:36,1
DA:37,1
DA:38,1
LF:38
LH:38
BRDA:5,0,0,2
BRDA:18,1,0,10
BRDA:19,2,0,8
BRDA:19,3,0,4
BRDA:20,4,0,2
BRDA:26,5,0,6
BRDA:26,6,0,4
BRDA:28,7,0,2
BRF:8
BRH:8
end_of_record
